{"ts": "2026-04-07T03:21:43", "level": "INFO", "logger": "oscilloscope_backend.api.main", "message": "Oscilloscope API ready (host=127.0.0.1 port=8765 dll=none (simulation) buffer_s=120.0)"}
{"ts": "2026-04-07T03:21:43", "level": "INFO", "logger": "httpx", "message": "HTTP Request: GET http://testserver/health \"HTTP/1.1 200 OK\""}
{"ts": "2026-04-07T03:21:43", "level": "INFO", "logger": "oscilloscope_backend.core.device_manager", "message": "Device state -> simulating"}
{"ts": "2026-04-07T03:21:43", "level": "INFO", "logger": "oscilloscope_backend.core.capture_service", "message": "Capture thread started"}
{"ts": "2026-04-07T03:21:43", "level": "INFO", "logger": "httpx", "message": "HTTP Request: GET http://testserver/start \"HTTP/1.1 200 OK\""}
{"ts": "2026-04-07T03:21:43", "level": "INFO", "logger": "oscilloscope_backend.api.main", "message": "WebSocket client connected"}
{"ts": "2026-04-07T03:21:43", "level": "INFO", "logger": "oscilloscope_backend.core.device_manager", "message": "Device state -> disconnected"}
{"ts": "2026-04-07T03:21:43", "level": "INFO", "logger": "oscilloscope_backend.core.capture_service", "message": "Capture thread stopped"}
{"ts": "2026-04-07T03:21:43", "level": "INFO", "logger": "httpx", "message": "HTTP Request: GET http://testserver/stop \"HTTP/1.1 200 OK\""}
{"ts": "2026-04-07T03:21:43", "level": "INFO", "logger": "oscilloscope_backend.core.device_manager", "message": "Device state -> disconnected"}
{"ts": "2026-04-07T03:21:43", "level": "INFO", "logger": "oscilloscope_backend.core.capture_service", "message": "Capture thread stopped"}
{"ts": "2026-04-07T03:21:43", "level": "INFO", "logger": "oscilloscope_backend.core.device_manager", "message": "Device state -> disconnected"}
{"ts": "2026-04-07T03:21:43", "level": "INFO", "logger": "oscilloscope_backend.api.main", "message": "Oscilloscope API shutdown complete"}
{"ts": "2026-04-07T03:46:49", "level": "INFO", "logger": "oscilloscope_backend.api.main", "message": "Oscilloscope API ready (host=127.0.0.1 port=8765 dll=none (simulation) buffer_s=120.0)"}
{"ts": "2026-04-07T03:46:49", "level": "INFO", "logger": "oscilloscope_backend.core.device_manager", "message": "Device state -> disconnected"}
{"ts": "2026-04-07T03:46:49", "level": "INFO", "logger": "oscilloscope_backend.core.capture_service", "message": "Capture thread stopped"}
{"ts": "2026-04-07T03:46:49", "level": "INFO", "logger": "oscilloscope_backend.core.device_manager", "message": "Device state -> disconnected"}
{"ts": "2026-04-07T03:46:49", "level": "INFO", "logger": "oscilloscope_backend.api.main", "message": "Oscilloscope API shutdown complete"}
{"ts": "2026-04-07T03:48:36", "level": "INFO", "logger": "oscilloscope_backend.api.main", "message": "Oscilloscope API ready (host=127.0.0.1 port=8765 dll=none (simulation) buffer_s=120.0)"}
{"ts": "2026-04-07T03:49:26", "level": "INFO", "logger": "oscilloscope_backend.api.main", "message": "WebSocket client connected"}
{"ts": "2026-04-07T03:49:40", "level": "INFO", "logger": "oscilloscope_backend.api.main", "message": "WebSocket client connected"}
{"ts": "2026-04-07T03:51:33", "level": "INFO", "logger": "oscilloscope_backend.core.device_manager", "message": "Device state -> simulating"}
{"ts": "2026-04-07T03:51:33", "level": "INFO", "logger": "oscilloscope_backend.core.capture_service", "message": "Capture thread started"}
{"ts": "2026-04-07T03:51:33", "level": "INFO", "logger": "oscilloscope_backend.api.main", "message": "WebSocket client disconnected"}
{"ts": "2026-04-07T03:51:33", "level": "INFO", "logger": "oscilloscope_backend.api.main", "message": "WebSocket client disconnected"}
{"ts": "2026-04-08T05:27:01", "level": "INFO", "logger": "oscilloscope_backend.api.main", "message": "Oscilloscope API ready (host=127.0.0.1 port=8765 dll=none (simulation) buffer_s=120.0)"}
{"ts": "2026-04-08T05:27:20", "level": "INFO", "logger": "oscilloscope_backend.api.main", "message": "Oscilloscope API ready (host=127.0.0.1 port=8765 dll=none (simulation) buffer_s=120.0)"}
{"ts": "2026-04-08T05:28:38", "level": "INFO", "logger": "oscilloscope_backend.api.main", "message": "Oscilloscope API ready (host=127.0.0.1 port=8765 dll=none (simulation) buffer_s=120.0)"}
{"ts": "2026-04-08T05:28:42", "level": "INFO", "logger": "oscilloscope_backend.api.main", "message": "WebSocket client connected"}
{"ts": "2026-04-08T05:29:05", "level": "INFO", "logger": "oscilloscope_backend.api.main", "message": "Oscilloscope API ready (host=127.0.0.1 port=8765 dll=none (simulation) buffer_s=120.0)"}
{"ts": "2026-04-08T05:29:10", "level": "INFO", "logger": "oscilloscope_backend.api.main", "message": "WebSocket client connected"}
{"ts": "2026-04-08T05:34:48", "level": "INFO", "logger": "oscilloscope_backend.api.main", "message": "Oscilloscope API ready (host=127.0.0.1 port=8765 dll=none (simulation) buffer_s=120.0)"}
{"ts": "2026-04-08T05:44:38", "level": "INFO", "logger": "oscilloscope_backend.api.main", "message": "Oscilloscope API ready (host=127.0.0.1 port=8765 dll=none (simulation) buffer_s=120.0)"}
{"ts": "2026-04-08T05:44:42", "level": "INFO", "logger": "oscilloscope_backend.core.device_manager", "message": "Device state -> simulating"}
{"ts": "2026-04-08T05:44:42", "level": "INFO", "logger": "oscilloscope_backend.core.capture_service", "message": "Capture thread started"}
{"ts": "2026-04-08T05:44:42", "level": "INFO", "logger": "oscilloscope_backend.api.main", "message": "WebSocket client connected"}
{"ts": "2026-04-08T05:44:42", "level": "INFO", "logger": "oscilloscope_backend.api.main", "message": "WebSocket client disconnected"}
{"ts": "2026-04-08T05:44:42", "level": "INFO", "logger": "oscilloscope_backend.core.device_manager", "message": "Device state -> disconnected"}
{"ts": "2026-04-08T05:44:42", "level": "INFO", "logger": "oscilloscope_backend.core.capture_service", "message": "Capture thread stopped"}
{"ts": "2026-04-08T06:05:46", "level": "INFO", "logger": "oscilloscope_backend.api.main", "message": "Oscilloscope API ready (host=127.0.0.1 port=8765 dll=none (simulation) buffer_s=120.0)"}
{"ts": "2026-04-08T06:09:04", "level": "INFO", "logger": "oscilloscope_backend.core.device_manager", "message": "Device state -> simulating"}
{"ts": "2026-04-08T06:09:04", "level": "INFO", "logger": "oscilloscope_backend.core.capture_service", "message": "Capture thread started"}
{"ts": "2026-04-08T06:09:04", "level": "INFO", "logger": "oscilloscope_backend.api.main", "message": "WebSocket client connected"}
{"ts": "2026-04-08T06:10:04", "level": "INFO", "logger": "oscilloscope_backend.core.device_manager", "message": "Device state -> disconnected"}
{"ts": "2026-04-08T06:10:04", "level": "INFO", "logger": "oscilloscope_backend.core.capture_service", "message": "Capture thread stopped"}
{"ts": "2026-04-08T06:10:05", "level": "INFO", "logger": "oscilloscope_backend.api.main", "message": "WebSocket client disconnected"}
{"ts": "2026-04-08T06:23:25", "level": "INFO", "logger": "oscilloscope_backend.core.device_manager", "message": "Device state -> simulating"}
{"ts": "2026-04-08T06:23:25", "level": "INFO", "logger": "oscilloscope_backend.core.capture_service", "message": "Capture thread started"}
{"ts": "2026-04-08T06:23:25", "level": "INFO", "logger": "oscilloscope_backend.api.main", "message": "WebSocket client connected"}
{"ts": "2026-04-08T06:23:40", "level": "INFO", "logger": "oscilloscope_backend.core.device_manager", "message": "Device state -> disconnected"}
{"ts": "2026-04-08T06:23:40", "level": "INFO", "logger": "oscilloscope_backend.core.capture_service", "message": "Capture thread stopped"}
{"ts": "2026-04-08T06:23:40", "level": "INFO", "logger": "oscilloscope_backend.api.main", "message": "WebSocket client disconnected"}
{"ts": "2026-04-08T06:30:46", "level": "INFO", "logger": "oscilloscope_backend.core.device_manager", "message": "Device state -> simulating"}
{"ts": "2026-04-08T06:30:46", "level": "INFO", "logger": "oscilloscope_backend.core.capture_service", "message": "Capture thread started"}
{"ts": "2026-04-08T06:30:46", "level": "INFO", "logger": "oscilloscope_backend.api.main", "message": "WebSocket client connected"}
{"ts": "2026-04-08T06:31:03", "level": "INFO", "logger": "oscilloscope_backend.core.device_manager", "message": "Device state -> disconnected"}
{"ts": "2026-04-08T06:31:03", "level": "INFO", "logger": "oscilloscope_backend.core.capture_service", "message": "Capture thread stopped"}
{"ts": "2026-04-08T06:31:04", "level": "INFO", "logger": "oscilloscope_backend.api.main", "message": "WebSocket client disconnected"}
{"ts": "2026-04-08T06:31:13", "level": "INFO", "logger": "oscilloscope_backend.core.device_manager", "message": "Device state -> simulating"}
{"ts": "2026-04-08T06:31:13", "level": "INFO", "logger": "oscilloscope_backend.core.capture_service", "message": "Capture thread started"}
{"ts": "2026-04-08T06:31:13", "level": "INFO", "logger": "oscilloscope_backend.api.main", "message": "WebSocket client connected"}
{"ts": "2026-04-08T06:31:17", "level": "INFO", "logger": "oscilloscope_backend.core.device_manager", "message": "Device state -> disconnected"}
{"ts": "2026-04-08T06:31:17", "level": "INFO", "logger": "oscilloscope_backend.core.capture_service", "message": "Capture thread stopped"}
{"ts": "2026-04-08T06:31:18", "level": "INFO", "logger": "oscilloscope_backend.api.main", "message": "WebSocket client disconnected"}
{"ts": "2026-04-08T06:38:56", "level": "INFO", "logger": "oscilloscope_backend.core.device_manager", "message": "Device state -> disconnected"}
{"ts": "2026-04-08T06:38:56", "level": "INFO", "logger": "oscilloscope_backend.core.capture_service", "message": "Capture thread stopped"}
{"ts": "2026-04-08T06:38:56", "level": "INFO", "logger": "oscilloscope_backend.core.device_manager", "message": "Device state -> disconnected"}
{"ts": "2026-04-08T06:38:56", "level": "INFO", "logger": "oscilloscope_backend.api.main", "message": "Oscilloscope API shutdown complete"}
